<?xml version="1.0" encoding="UTF-8" ?>
<testsuite errors="0" failures="0" hostname="Prakhars-MBP" name="com.nyu.pqs.canvasapp.DrawingObjectTest" skipped="0" tests="5" time="0.017" timestamp="2015-05-13T22:09:42">
  <properties>
[...]
</properties>
  <testcase classname="com.nyu.pqs.canvasapp.DrawingObjectTest" name="testHashCode" time="0.001" />
  <testcase classname="com.nyu.pqs.canvasapp.DrawingObjectTest" name="testDrawingObjectConstructorAndGetters" time="0.0" />
  <testcase classname="com.nyu.pqs.canvasapp.DrawingObjectTest" name="testDrawingObjectSettersAndParameterizedConstr" time="0.001" />
  <testcase classname="com.nyu.pqs.canvasapp.DrawingObjectTest" name="testSetColor" time="0.0" />
  <testcase classname="com.nyu.pqs.canvasapp.DrawingObjectTest" name="testSetStroke" time="0.0" />
  <system-out><![CDATA[]]></system-out>
  <system-err><![CDATA[]]></system-err>
</testsuite>
